<?xml version="1.0" encoding="utf-8"?><testsuites name="pytest tests"><testsuite name="pytest" errors="0" failures="0" skipped="0" tests="7" time="4.183" timestamp="2026-07-15T09:08:33.726111+00:00" hostname="agent-env-5b00c2bf-0262-41e2-9150-481a27a864c3"><testcase classname="tests.test_scans_projection.TestScansListProjection" name="test_list_scans_returns_200_and_list" time="3.160" /><testcase classname="tests.test_scans_projection.TestScanDetailFull" name="test_detail_returns_full_document" time="3.244" /><testcase classname="tests.test_scans_projection.TestScansListProjection" name="test_projection_light_fields_present" time="0.043" /><testcase classname="tests.test_scans_projection.TestScansListProjection" name="test_projection_heavy_fields_absent" time="0.042" /><testcase classname="tests.test_scans_projection.TestScanDetailFull" name="test_detail_by_first_scan_id_light_fields_still_present" time="0.087" /><testcase classname="tests.test_scans_projection.TestScansListProjection" name="test_no_mongo_object_id_leak" time="0.043" /><testcase classname="tests.test_scans_projection.TestLibraryUnaffected" name="test_library_returns_200" time="0.046" /></testsuite></testsuites>