<?xml version="1.0" encoding="utf-8"?><testsuites name="pytest tests"><testsuite name="pytest" errors="0" failures="0" skipped="0" tests="19" time="32.296" timestamp="2026-07-02T20:07:56.604679+00:00" hostname="agent-env-5b00c2bf-0262-41e2-9150-481a27a864c3"><testcase classname="tests.test_soniccheck.TestHealth" name="test_root" time="0.178" /><testcase classname="tests.test_soniccheck.TestHealth" name="test_regions" time="0.263" /><testcase classname="tests.test_soniccheck.TestAuthVerification" name="test_register_returns_verification_fields" time="0.436" /><testcase classname="tests.test_soniccheck.TestHealth" name="test_plans" time="0.380" /><testcase classname="tests.test_soniccheck.TestAuthVerification" name="test_edu_register_student_eligible" time="0.386" /><testcase classname="tests.test_soniccheck.TestAuthVerification" name="test_verification_link_logged_and_verify" time="1.164" /><testcase classname="tests.test_soniccheck.TestAdminRegression" name="test_admin_login_and_me" time="0.487" /><testcase classname="tests.test_soniccheck.TestAdminRegression" name="test_list_scans" time="0.097" /><testcase classname="tests.test_soniccheck.TestAdminRegression" name="test_patch_region" time="0.170" /><testcase classname="tests.test_soniccheck.TestLyricScan" name="test_lyric_scan_famous_lyrics" time="5.609" /><testcase classname="tests.test_soniccheck.TestAuthVerification" name="test_verify_email_invalid_token" time="0.191" /><testcase classname="tests.test_soniccheck.TestAuthVerification" name="test_resend_for_verified_user_returns_already_verified" time="0.081" /><testcase classname="tests.test_soniccheck.TestAuthVerification" name="test_resend_for_unverified_user_ok" time="1.143" /><testcase classname="tests.test_soniccheck.TestAudioScan" name="test_audio_scan_synthetic_tone" time="3.262" /><testcase classname="tests.test_soniccheck.TestQuota" name="test_free_tier_quota_402_after_3" time="18.523" /><testcase classname="tests.test_soniccheck.TestLyricScan" name="test_lyric_scan_original_lyrics" time="2.675" /><testcase classname="tests.test_soniccheck.TestStudentGate" name="test_non_edu_blocked" time="0.092" /><testcase classname="tests.test_soniccheck.TestStudentGate" name="test_edu_allowed" time="1.803" /><testcase classname="tests.test_soniccheck.TestScanCRUD" name="test_get_and_delete" time="6.562" /></testsuite></testsuites>