<?xml version="1.0" encoding="utf-8"?><testsuites name="pytest tests"><testsuite name="pytest" errors="0" failures="0" skipped="0" tests="15" time="8.749" timestamp="2026-07-14T01:44:30.159469+00:00" hostname="agent-env-5b00c2bf-0262-41e2-9150-481a27a864c3"><testcase classname="tests.test_soniccheck.TestHealth" name="test_root" time="0.498" /><testcase classname="tests.test_soniccheck.TestAuthVerification" name="test_register_returns_verification_fields" time="0.498" /><testcase classname="tests.test_soniccheck.TestHealth" name="test_regions" time="0.138" /><testcase classname="tests.test_soniccheck.TestHealth" name="test_plans" time="0.256" /><testcase classname="tests.test_soniccheck.TestAuthVerification" name="test_edu_register_student_eligible" time="0.396" /><testcase classname="tests.test_soniccheck.TestAuthVerification" name="test_verification_link_logged_and_verify" time="1.623" /><testcase classname="tests.test_soniccheck.TestAdminRegression" name="test_admin_login_and_me" time="0.448" /><testcase classname="tests.test_soniccheck.TestAdminRegression" name="test_list_scans" time="0.075" /><testcase classname="tests.test_soniccheck.TestAdminRegression" name="test_patch_region" time="0.108" /><testcase classname="tests.test_soniccheck.TestStudentGate" name="test_non_edu_blocked" time="0.055" /><testcase classname="tests.test_soniccheck.TestStudentGate" name="test_edu_allowed" time="0.976" /><testcase classname="tests.test_soniccheck.TestAuthVerification" name="test_verify_email_invalid_token" time="0.113" /><testcase classname="tests.test_soniccheck.TestScanCRUD" name="test_get_and_delete" time="5.615" /><testcase classname="tests.test_soniccheck.TestAuthVerification" name="test_resend_for_verified_user_returns_already_verified" time="0.051" /><testcase classname="tests.test_soniccheck.TestAuthVerification" name="test_resend_for_unverified_user_ok" time="1.056" /></testsuite></testsuites>